
> spiffy-cactus@1.0.0 test /home/krafaels/projects/ploigos/reference-nodejs-npm
> tape test/*.js | tap-spec

sh: tape: command not found
sh: tap-spec: command not found
[37;40mnpm[0m [0m[31;40mERR![0m [0m[35mcode[0m ELIFECYCLE
[0m[37;40mnpm[0m [0m[31;40mERR![0m [0m[35msyscall[0m spawn
[0m[37;40mnpm[0m [0m[31;40mERR![0m [0m[35mfile[0m sh
[0m[37;40mnpm[0m [0m[31;40mERR![0m [0m[35merrno[0m ENOENT
[0m[37;40mnpm[0m [0m[31;40mERR![0m[35m[0m spiffy-cactus@1.0.0 test: `tape test/*.js | tap-spec`
[0m[37;40mnpm[0m [0m[31;40mERR![0m[35m[0m spawn ENOENT
[0m[37;40mnpm[0m [0m[31;40mERR![0m[35m[0m 
[0m[37;40mnpm[0m [0m[31;40mERR![0m[35m[0m Failed at the spiffy-cactus@1.0.0 test script.
[0m[37;40mnpm[0m [0m[31;40mERR![0m[35m[0m This is probably not a problem with npm. There is likely additional logging output above.
[0m[37;40mnpm[0m [0m[30;43mWARN[0m[35m[0m Local package.json exists, but node_modules missing, did you mean to install?
[0m
[37;40mnpm[0m [0m[31;40mERR![0m[35m[0m A complete log of this run can be found in:
[0m[37;40mnpm[0m [0m[31;40mERR![0m[35m[0m     /home/krafaels/.npm/_logs/2021-08-03T16_15_36_091Z-debug.log
[0m